c:\users\ckn\documents\github\3d_programmering_lab2\x64\debug\vc140.pdb
c:\users\ckn\documents\github\3d_programmering_lab2\x64\debug\staticmesh.obj
c:\users\ckn\documents\github\3d_programmering_lab2\x64\debug\main.obj
c:\users\ckn\documents\github\3d_programmering_lab2\x64\debug\graphicsmanager.obj
c:\users\ckn\documents\github\3d_programmering_lab2\x64\debug\contentmanager.obj
c:\users\ckn\documents\github\3d_programmering_lab2\x64\debug\ddstextureloader.obj
c:\users\ckn\documents\github\3d_programmering_lab2\x64\debug\basicpixelshader.cso
c:\users\ckn\documents\github\3d_programmering_lab2\x64\debug\basicvertexshader.cso
c:\users\ckn\documents\github\3d_programmering_lab2\x64\debug\lab2pixelshader.cso
c:\users\ckn\documents\github\3d_programmering_lab2\x64\debug\lab2geometryshader.cso
c:\users\ckn\documents\github\3d_programmering_lab2\x64\debug\lab2vertexshader.cso
c:\users\ckn\documents\github\3d_programmering_lab2\x64\debug\demo.ilk
c:\users\ckn\documents\github\3d_programmering_lab2\x64\debug\demo.exe
c:\users\ckn\documents\github\3d_programmering_lab2\x64\debug\demo.pdb
c:\users\ckn\documents\github\3d_programmering_lab2\x64\debug\demo.tlog\cl.command.1.tlog
c:\users\ckn\documents\github\3d_programmering_lab2\x64\debug\demo.tlog\cl.read.1.tlog
c:\users\ckn\documents\github\3d_programmering_lab2\x64\debug\demo.tlog\cl.write.1.tlog
c:\users\ckn\documents\github\3d_programmering_lab2\x64\debug\demo.tlog\demo.write.1u.tlog
c:\users\ckn\documents\github\3d_programmering_lab2\x64\debug\demo.tlog\fxc.command.1.tlog
c:\users\ckn\documents\github\3d_programmering_lab2\x64\debug\demo.tlog\fxc.read.1.tlog
c:\users\ckn\documents\github\3d_programmering_lab2\x64\debug\demo.tlog\fxc.write.1.tlog
c:\users\ckn\documents\github\3d_programmering_lab2\x64\debug\demo.tlog\link.command.1.tlog
c:\users\ckn\documents\github\3d_programmering_lab2\x64\debug\demo.tlog\link.read.1.tlog
c:\users\ckn\documents\github\3d_programmering_lab2\x64\debug\demo.tlog\link.write.1.tlog
